#
# There is insufficient memory for the Java Runtime Environment to continue.
# Native memory allocation (malloc) failed to allocate 524288 bytes for AllocateHeap
# Possible reasons:
#   The system is out of physical RAM or swap space
#   The process is running with CompressedOops enabled, and the Java Heap may be blocking the growth of the native heap
# Possible solutions:
#   Reduce memory load on the system
#   Increase physical memory or swap space
#   Check if swap backing store is full
#   Decrease Java heap size (-Xmx/-Xms)
#   Decrease number of Java threads
#   Decrease Java thread stack sizes (-Xss)
#   Set larger code cache with -XX:ReservedCodeCacheSize=
#   JVM is running with Unscaled Compressed Oops mode in which the Java heap is
#     placed in the first 4GB address space. The Java Heap base address is the
#     maximum limit for the native heap growth. Please use -XX:HeapBaseMinAddress
#     to set the Java Heap base and to place the Java Heap above 4GB virtual address.
# This output file may be truncated or incomplete.
#
#  Out of Memory Error (c:/BuildAgent/work/5ff2f6c26000d570/src/hotspot/share/memory/allocation.cpp:46), pid=16340, tid=10640
#
# JRE version:  (11.0.4+10) (build )
# Java VM: OpenJDK 64-Bit Server VM (11.0.4+10-b304.77, mixed mode, sharing, tiered, compressed oops, g1 gc, windows-amd64)
# No core dump will be written. Minidumps are not enabled by default on client versions of Windows
#

---------------  S U M M A R Y ------------

Command Line: org.jetbrains.git4idea.http.GitAskPassApp Username for 'https://gitlab.cs.ttu.ee': 

Host: Intel(R) Core(TM) i5-4460  CPU @ 3.20GHz, 4 cores, 7G,  Windows 10 , 64 bit Build 17763 (10.0.17763.475)
Time: Mon May 25 21:10:35 2020 Oeieyiaey (eaoi) elapsed time: 0 seconds (0d 0h 0m 0s)

---------------  T H R E A D  ---------------

Current thread (0x000001b0844a7000):  JavaThread "Unknown thread" [_thread_in_vm, id=10640, stack(0x0000004d8ab00000,0x0000004d8ac00000)]

Stack: [0x0000004d8ab00000,0x0000004d8ac00000]
Native frames: (J=compiled Java code, j=interpreted, Vv=VM code, C=native code)
V  [jvm.dll+0x5db31a]
V  [jvm.dll+0x70c395]
V  [jvm.dll+0x70d8b8]
V  [jvm.dll+0x70df83]
V  [jvm.dll+0x23dbb8]
V  [jvm.dll+0xb0ad4]
V  [jvm.dll+0x66c13f]
V  [jvm.dll+0x66c0d7]
V  [jvm.dll+0x66c25a]
V  [jvm.dll+0x6eac42]
V  [jvm.dll+0x6ed05b]
V  [jvm.dll+0x354fb9]
V  [jvm.dll+0x6d35be]
V  [jvm.dll+0x3bd673]
V  [jvm.dll+0x3bf9f1]
C  [java.exe+0x3763]
C  [java.exe+0x17a0c]
C  [KERNEL32.DLL+0x17974]
C  [ntdll.dll+0x6a271]


---------------  P R O C E S S  ---------------

Threads class SMR info:
_java_thread_list=0x000001b082c09d40, length=0, elements={
}

Java Threads: ( => current thread )

Other Threads:
  0x000001b0844be000 GCTaskThread "GC Thread#0" [stack: 0x0000004d8ac00000,0x0000004d8ad00000] [id=4088]
  0x000001b0844ef000 ConcurrentGCThread "G1 Main Marker" [stack: 0x0000004d8ad00000,0x0000004d8ae00000] [id=10784]
  0x000001b0844f1800 ConcurrentGCThread "G1 Conc#0" [stack: 0x0000004d8ae00000,0x0000004d8af00000] [id=6164]
  0x000001b084572800 ConcurrentGCThread "G1 Refine#0" [stack: 0x0000004d8af00000,0x0000004d8b000000] [id=7528]
  0x000001b084573800 ConcurrentGCThread "G1 Young RemSet Sampling" [stack: 0x0000004d8b000000,0x0000004d8b100000] [id=9336]

=>0x000001b0844a7000 (exited) JavaThread "Unknown thread" [_thread_in_vm, id=10640, stack(0x0000004d8ab00000,0x0000004d8ac00000)]

Threads with active compile tasks:

VM state:not at safepoint (not fully initialized)

VM Mutex/Monitor currently owned by a thread: None

Heap address: 0x0000000081400000, size: 2028 MB, Compressed Oops mode: 32-bit
Narrow klass base: 0x0000000800000000, Narrow klass shift: 3
Compressed class space size: 1073741824 Address: 0x0000000840000000

GC Heap History (0 events):
No events

Deoptimization events (0 events):
No events

Classes redefined (0 events):
No events

Internal exceptions (0 events):
No events

Events (0 events):
No events


Dynamic libraries:
0x00007ff65d260000 - 0x00007ff65d2a7000 	C:\Program Files\JetBrains\JetBrains Rider 2019.2.4\jbr\bin\java.exe
0x00007ff9e90c0000 - 0x00007ff9e92ad000 	C:\Windows\SYSTEM32\ntdll.dll
0x00007ff9e8f70000 - 0x00007ff9e9023000 	C:\Windows\System32\KERNEL32.DLL
0x00007ff9e5300000 - 0x00007ff9e5593000 	C:\Windows\System32\KERNELBASE.dll
0x00007ff9e7f10000 - 0x00007ff9e80a7000 	C:\Windows\System32\USER32.dll
0x00007ff9e5230000 - 0x00007ff9e5250000 	C:\Windows\System32\win32u.dll
0x00007ff9e8f40000 - 0x00007ff9e8f69000 	C:\Windows\System32\GDI32.dll
0x00007ff9e6140000 - 0x00007ff9e62d9000 	C:\Windows\System32\gdi32full.dll
0x00007ff9e5950000 - 0x00007ff9e59f0000 	C:\Windows\System32\msvcp_win.dll
0x00007ff9e55c0000 - 0x00007ff9e56ba000 	C:\Windows\System32\ucrtbase.dll
0x00007ff9c97d0000 - 0x00007ff9c9a49000 	C:\Windows\WinSxS\amd64_microsoft.windows.common-controls_6595b64144ccf1df_6.0.17763.737_none_05b6437c071e554b\COMCTL32.dll
0x00007ff9e8d00000 - 0x00007ff9e8d9e000 	C:\Windows\System32\msvcrt.dll
0x00007ff9e7ab0000 - 0x00007ff9e7ddc000 	C:\Windows\System32\combase.dll
0x00007ff9e8390000 - 0x00007ff9e84b2000 	C:\Windows\System32\RPCRT4.dll
0x00007ff9e5280000 - 0x00007ff9e52fe000 	C:\Windows\System32\bcryptPrimitives.dll
0x00007ff9e84c0000 - 0x00007ff9e84ee000 	C:\Windows\System32\IMM32.DLL
0x00007ff9a9e60000 - 0x00007ff9a9e77000 	C:\Program Files\JetBrains\JetBrains Rider 2019.2.4\jbr\bin\vcruntime140.dll
0x00007ff99e580000 - 0x00007ff99e61d000 	C:\Program Files\JetBrains\JetBrains Rider 2019.2.4\jbr\bin\msvcp140.dll
0x00007ff99a3a0000 - 0x00007ff99ae58000 	C:\Program Files\JetBrains\JetBrains Rider 2019.2.4\jbr\bin\server\jvm.dll
0x00007ff9e82e0000 - 0x00007ff9e8383000 	C:\Windows\System32\ADVAPI32.dll
0x00007ff9e7a10000 - 0x00007ff9e7aae000 	C:\Windows\System32\sechost.dll
0x00007ff9e7a00000 - 0x00007ff9e7a08000 	C:\Windows\System32\PSAPI.DLL
0x00007ff9e3290000 - 0x00007ff9e3299000 	C:\Windows\SYSTEM32\WSOCK32.dll
0x00007ff9e30c0000 - 0x00007ff9e30e4000 	C:\Windows\SYSTEM32\WINMM.dll
0x00007ff9e8e50000 - 0x00007ff9e8ebd000 	C:\Windows\System32\WS2_32.dll
0x00007ff9df9f0000 - 0x00007ff9df9fa000 	C:\Windows\SYSTEM32\VERSION.dll
0x00007ff9e3090000 - 0x00007ff9e30bd000 	C:\Windows\SYSTEM32\WINMMBASE.dll
0x00007ff9e5180000 - 0x00007ff9e51ca000 	C:\Windows\System32\cfgmgr32.dll
0x00007ff9e50d0000 - 0x00007ff9e50e1000 	C:\Windows\System32\kernel.appcore.dll
0x00007ff9e0800000 - 0x00007ff9e0811000 	C:\Program Files\JetBrains\JetBrains Rider 2019.2.4\jbr\bin\verify.dll
0x00007ff9ddfa0000 - 0x00007ff9de18d000 	C:\Windows\SYSTEM32\DBGHELP.DLL
0x00007ff9dded0000 - 0x00007ff9ddefa000 	C:\Windows\SYSTEM32\dbgcore.DLL
0x00007ff9e06f0000 - 0x00007ff9e0719000 	C:\Program Files\JetBrains\JetBrains Rider 2019.2.4\jbr\bin\java.dll
0x00007ff9dfee0000 - 0x00007ff9dfef7000 	C:\Program Files\JetBrains\JetBrains Rider 2019.2.4\jbr\bin\zip.dll
0x00007ff9e3280000 - 0x00007ff9e328b000 	C:\Program Files\JetBrains\JetBrains Rider 2019.2.4\jbr\bin\jimage.dll

dbghelp: loaded successfully - version: 4.0.5 - missing functions: none
symbol engine: initialized successfully - sym options: 0x614 - pdb path: .;C:\Program Files\JetBrains\JetBrains Rider 2019.2.4\jbr\bin;C:\Windows\SYSTEM32;C:\Windows\WinSxS\amd64_microsoft.windows.common-controls_6595b64144ccf1df_6.0.17763.737_none_05b6437c071e554b;C:\Program Files\JetBrains\JetBrains Rider 2019.2.4\jbr\bin\server

VM Arguments:
java_command: org.jetbrains.git4idea.http.GitAskPassApp Username for 'https://gitlab.cs.ttu.ee': 
java_class_path (initial): C:/Program Files/JetBrains/JetBrains Rider 2019.2.4/plugins/git4idea/lib/git4idea-rt.jar;C:/Program Files/JetBrains/JetBrains Rider 2019.2.4/lib/xmlrpc-2.0.1.jar;C:/Program Files/JetBrains/JetBrains Rider 2019.2.4/lib/commons-codec-1.13.jar;C:/Program Files/JetBrains/JetBrains Rider 2019.2.4/lib/util.jar
Launcher Type: SUN_STANDARD

[Global flags]
     intx CICompilerCount                          = 3                                         {product} {ergonomic}
     uint ConcGCThreads                            = 1                                         {product} {ergonomic}
     uint G1ConcRefinementThreads                  = 4                                         {product} {ergonomic}
   size_t G1HeapRegionSize                         = 1048576                                   {product} {ergonomic}
    uintx GCDrainStackTargetSize                   = 64                                        {product} {ergonomic}
   size_t InitialHeapSize                          = 134217728                                 {product} {ergonomic}
   size_t MarkStackSize                            = 4194304                                   {product} {ergonomic}
   size_t MaxHeapSize                              = 2126512128                                {product} {ergonomic}
   size_t MaxNewSize                               = 1275068416                                {product} {ergonomic}
   size_t MinHeapDeltaBytes                        = 1048576                                   {product} {ergonomic}
    uintx NonNMethodCodeHeapSize                   = 5830092                                {pd product} {ergonomic}
    uintx NonProfiledCodeHeapSize                  = 122914074                              {pd product} {ergonomic}
    uintx ProfiledCodeHeapSize                     = 122914074                              {pd product} {ergonomic}
    uintx ReservedCodeCacheSize                    = 251658240                              {pd product} {ergonomic}
     bool SegmentedCodeCache                       = true                                      {product} {ergonomic}
     bool UseCompressedClassPointers               = true                                 {lp64_product} {ergonomic}
     bool UseCompressedOops                        = true                                 {lp64_product} {ergonomic}
     bool UseG1GC                                  = true                                      {product} {ergonomic}
     bool UseLargePagesIndividualAllocation        = false                                  {pd product} {ergonomic}

Logging:
Log output configuration:
 #0: stdout all=warning uptime,level,tags
 #1: stderr all=off uptime,level,tags

Environment Variables:
PATH=C:\Program Files\Git\mingw64\libexec\git-core;C:\Program Files\Git\mingw64\libexec\git-core;C:\Program Files\Git\mingw64\bin;C:\Program Files\Git\usr\bin;C:\Users\alex1\bin;C:\Python27;C:\Python27\Scripts;C:\Program Files (x86)\Common Files\Oracle\Java\javapath;C:\Windows\system32;C:\Windows;C:\Windows\System32\Wbem;C:\Windows\System32\WindowsPowerShell\v1.0;C:\Windows\System32\OpenSSH;C:\Program Files\NVIDIA Corporation\NVIDIA NvDLISR;C:\Program Files (x86)\NVIDIA Corporation\PhysX\Common;C:\Program Files\Git\cmd;C:\Program Files (x86)\IDEMIA\AWP\Dlls;C:\Program Files\IDEMIA\AWP\Dlls;C:\Program Files\LLVM\bin;C:\Program Files\dotnet;C:\Program Files\nodejs;C:\ProgramData\chocolatey\bin;C:\Program Files\Microsoft SQL Server\Client SDK\ODBC\170\Tools\Binn;C:\Program Files (x86)\Microsoft SQL Server\150\Tools\Binn;C:\Program Files\Microsoft SQL Server\150\Tools\Binn;C:\Program Files\Microsoft SQL Server\150\DTS\Binn;C:\Program Files (x86)\Microsoft SQL Server\150\DTS\Binn;C:\Program Files\Microsoft SQL Server\130\Tools\Binn;C:\Sqlite3;C:\Program Files\Docker\Docker\resources\bin;C:\ProgramData\DockerDesktop\version-bin;C:\Users\alex1\AppData\Local\Programs\Python\Python37-32;C:\Users\alex1\AppData\Local\Programs\Python\Python37-32\Scripts;C:\C;C:\Program Files\Git\Users\alex1\AppData\Local\Programs\Python\Python37-32\Lib\site-packages;C:\Users\alex1\AppData\Local\Microsoft\WindowsApps;C:\Program Files\Java\jdk1.8.0_202\bin;C:\Users\alex1\AppData\Local\atom\bin;C:\Users\alex1\AppData\Local\Programs\Microsoft VS Code\bin;C:\Program Files\php\php_7.3;C:\Users\alex1\.dotnet\tools;C:\Program Files\Oracle\instantclient_19_3;C:\Program Files (x86)\Microsoft Visual Studio 14.0\VC;C:\Users\alex1\AppData\Local\Programs\Fiddler;C:\Users\alex1\AppData\Roaming\npm;C:\Users\alex1\AppData\Local\Programs\Azure Data Studio\bin
USERNAME=alex1
DISPLAY=:0.0
OS=Windows_NT
PROCESSOR_IDENTIFIER=Intel64 Family 6 Model 60 Stepping 3, GenuineIntel



---------------  S Y S T E M  ---------------

OS: Windows 10 , 64 bit Build 17763 (10.0.17763.475)

CPU:total 4 (initial active 4) (4 cores per cpu, 1 threads per core) family 6 model 60 stepping 3, cmov, cx8, fxsr, mmx, sse, sse2, sse3, ssse3, sse4.1, sse4.2, popcnt, avx, avx2, aes, clmul, erms, lzcnt, tsc, tscinvbit, bmi1, bmi2, fma

Memory: 4k page, system-wide physical 8111M (544M free)
TotalPageFile size 12207M (AvailPageFile size 16M)
current process WorkingSet (physical memory assigned to process): 15M, peak: 15M
current process commit charge ("private bytes"): 190M, peak: 190M

vm_info: OpenJDK 64-Bit Server VM (11.0.4+10-b304.77) for windows-amd64 JRE (11.0.4+10-b304.77), built on Oct 10 2019 15:02:36 by "" with MS VC++ 14.0 (VS2015)

END.
